{"C:\\Users\\TUF Gaming\\Documents\\GitHub\\RestaurantWebService\\src\\config\\redis.js": {"path":"C:\\Users\\TUF Gaming\\Documents\\GitHub\\RestaurantWebService\\src\\config\\redis.js","statementMap":{"0":{"start":{"line":4,"column":20},"end":{"line":6,"column":2}},"1":{"start":{"line":8,"column":0},"end":{"line":8,"column":73}},"2":{"start":{"line":8,"column":33},"end":{"line":8,"column":71}},"3":{"start":{"line":10,"column":0},"end":{"line":10,"column":28}}},"fnMap":{"0":{"name":"(anonymous_0)","decl":{"start":{"line":8,"column":24},"end":{"line":8,"column":25}},"loc":{"start":{"line":8,"column":33},"end":{"line":8,"column":71}},"line":8}},"branchMap":{},"s":{"0":1,"1":1,"2":0,"3":1},"f":{"0":0},"b":{},"_coverageSchema":"1a1c01bbd47fc00a2c39e90264f33305004495a9","hash":"bc8662a571fc2da671866c343d9581ae90442155"}
,"C:\\Users\\TUF Gaming\\Documents\\GitHub\\RestaurantWebService\\src\\controllers\\menu.controller.js": {"path":"C:\\Users\\TUF Gaming\\Documents\\GitHub\\RestaurantWebService\\src\\controllers\\menu.controller.js","statementMap":{"0":{"start":{"line":5,"column":25},"end":{"line":23,"column":1}},"1":{"start":{"line":6,"column":37},"end":{"line":6,"column":45}},"2":{"start":{"line":8,"column":2},"end":{"line":10,"column":3}},"3":{"start":{"line":9,"column":4},"end":{"line":9,"column":90}},"4":{"start":{"line":12,"column":2},"end":{"line":22,"column":3}},"5":{"start":{"line":13,"column":18},"end":{"line":13,"column":63}},"6":{"start":{"line":15,"column":4},"end":{"line":19,"column":7}},"7":{"start":{"line":21,"column":4},"end":{"line":21,"column":103}},"8":{"start":{"line":26,"column":25},"end":{"line":55,"column":1}},"9":{"start":{"line":27,"column":17},"end":{"line":27,"column":27}},"10":{"start":{"line":28,"column":19},"end":{"line":28,"column":31}},"11":{"start":{"line":30,"column":2},"end":{"line":54,"column":3}},"12":{"start":{"line":31,"column":23},"end":{"line":31,"column":54}},"13":{"start":{"line":32,"column":4},"end":{"line":38,"column":5}},"14":{"start":{"line":33,"column":6},"end":{"line":37,"column":9}},"15":{"start":{"line":40,"column":17},"end":{"line":40,"column":39}},"16":{"start":{"line":41,"column":4},"end":{"line":43,"column":5}},"17":{"start":{"line":42,"column":6},"end":{"line":42,"column":86}},"18":{"start":{"line":45,"column":4},"end":{"line":45,"column":65}},"19":{"start":{"line":47,"column":4},"end":{"line":51,"column":7}},"20":{"start":{"line":53,"column":4},"end":{"line":53,"column":105}},"21":{"start":{"line":58,"column":30},"end":{"line":78,"column":1}},"22":{"start":{"line":59,"column":17},"end":{"line":59,"column":27}},"23":{"start":{"line":60,"column":37},"end":{"line":60,"column":45}},"24":{"start":{"line":62,"column":2},"end":{"line":77,"column":3}},"25":{"start":{"line":63,"column":22},"end":{"line":63,"column":44}},"26":{"start":{"line":64,"column":4},"end":{"line":66,"column":5}},"27":{"start":{"line":65,"column":6},"end":{"line":65,"column":86}},"28":{"start":{"line":68,"column":24},"end":{"line":68,"column":73}},"29":{"start":{"line":70,"column":4},"end":{"line":74,"column":7}},"30":{"start":{"line":76,"column":4},"end":{"line":76,"column":108}},"31":{"start":{"line":81,"column":28},"end":{"line":99,"column":1}},"32":{"start":{"line":82,"column":17},"end":{"line":82,"column":27}},"33":{"start":{"line":84,"column":2},"end":{"line":98,"column":3}},"34":{"start":{"line":85,"column":22},"end":{"line":85,"column":44}},"35":{"start":{"line":86,"column":4},"end":{"line":88,"column":5}},"36":{"start":{"line":87,"column":6},"end":{"line":87,"column":86}},"37":{"start":{"line":90,"column":4},"end":{"line":90,"column":26}},"38":{"start":{"line":92,"column":4},"end":{"line":95,"column":7}},"39":{"start":{"line":97,"column":4},"end":{"line":97,"column":106}},"40":{"start":{"line":102,"column":38},"end":{"line":137,"column":1}},"41":{"start":{"line":103,"column":17},"end":{"line":103,"column":27}},"42":{"start":{"line":104,"column":19},"end":{"line":104,"column":44}},"43":{"start":{"line":106,"column":2},"end":{"line":136,"column":3}},"44":{"start":{"line":107,"column":24},"end":{"line":107,"column":55}},"45":{"start":{"line":108,"column":4},"end":{"line":114,"column":5}},"46":{"start":{"line":109,"column":6},"end":{"line":113,"column":9}},"47":{"start":{"line":117,"column":18},"end":{"line":117,"column":51}},"48":{"start":{"line":119,"column":4},"end":{"line":121,"column":5}},"49":{"start":{"line":120,"column":6},"end":{"line":120,"column":114}},"50":{"start":{"line":123,"column":4},"end":{"line":123,"column":66}},"51":{"start":{"line":125,"column":4},"end":{"line":129,"column":7}},"52":{"start":{"line":131,"column":4},"end":{"line":135,"column":7}}},"fnMap":{"0":{"name":"(anonymous_0)","decl":{"start":{"line":5,"column":25},"end":{"line":5,"column":26}},"loc":{"start":{"line":5,"column":45},"end":{"line":23,"column":1}},"line":5},"1":{"name":"(anonymous_1)","decl":{"start":{"line":26,"column":25},"end":{"line":26,"column":26}},"loc":{"start":{"line":26,"column":45},"end":{"line":55,"column":1}},"line":26},"2":{"name":"(anonymous_2)","decl":{"start":{"line":58,"column":30},"end":{"line":58,"column":31}},"loc":{"start":{"line":58,"column":50},"end":{"line":78,"column":1}},"line":58},"3":{"name":"(anonymous_3)","decl":{"start":{"line":81,"column":28},"end":{"line":81,"column":29}},"loc":{"start":{"line":81,"column":48},"end":{"line":99,"column":1}},"line":81},"4":{"name":"(anonymous_4)","decl":{"start":{"line":102,"column":38},"end":{"line":102,"column":39}},"loc":{"start":{"line":102,"column":58},"end":{"line":137,"column":1}},"line":102}},"branchMap":{"0":{"loc":{"start":{"line":8,"column":2},"end":{"line":10,"column":3}},"type":"if","locations":[{"start":{"line":8,"column":2},"end":{"line":10,"column":3}},{"start":{},"end":{}}],"line":8},"1":{"loc":{"start":{"line":8,"column":6},"end":{"line":8,"column":32}},"type":"binary-expr","locations":[{"start":{"line":8,"column":6},"end":{"line":8,"column":13}},{"start":{"line":8,"column":17},"end":{"line":8,"column":32}}],"line":8},"2":{"loc":{"start":{"line":32,"column":4},"end":{"line":38,"column":5}},"type":"if","locations":[{"start":{"line":32,"column":4},"end":{"line":38,"column":5}},{"start":{},"end":{}}],"line":32},"3":{"loc":{"start":{"line":41,"column":4},"end":{"line":43,"column":5}},"type":"if","locations":[{"start":{"line":41,"column":4},"end":{"line":43,"column":5}},{"start":{},"end":{}}],"line":41},"4":{"loc":{"start":{"line":64,"column":4},"end":{"line":66,"column":5}},"type":"if","locations":[{"start":{"line":64,"column":4},"end":{"line":66,"column":5}},{"start":{},"end":{}}],"line":64},"5":{"loc":{"start":{"line":86,"column":4},"end":{"line":88,"column":5}},"type":"if","locations":[{"start":{"line":86,"column":4},"end":{"line":88,"column":5}},{"start":{},"end":{}}],"line":86},"6":{"loc":{"start":{"line":108,"column":4},"end":{"line":114,"column":5}},"type":"if","locations":[{"start":{"line":108,"column":4},"end":{"line":114,"column":5}},{"start":{},"end":{}}],"line":108},"7":{"loc":{"start":{"line":119,"column":4},"end":{"line":121,"column":5}},"type":"if","locations":[{"start":{"line":119,"column":4},"end":{"line":121,"column":5}},{"start":{},"end":{}}],"line":119},"8":{"loc":{"start":{"line":119,"column":8},"end":{"line":119,"column":36}},"type":"binary-expr","locations":[{"start":{"line":119,"column":8},"end":{"line":119,"column":14}},{"start":{"line":119,"column":18},"end":{"line":119,"column":36}}],"line":119}},"s":{"0":1,"1":3,"2":3,"3":1,"4":2,"5":2,"6":1,"7":1,"8":1,"9":4,"10":4,"11":4,"12":4,"13":4,"14":1,"15":3,"16":2,"17":1,"18":1,"19":1,"20":1,"21":1,"22":3,"23":3,"24":3,"25":3,"26":3,"27":1,"28":2,"29":1,"30":1,"31":1,"32":3,"33":3,"34":3,"35":3,"36":1,"37":2,"38":1,"39":1,"40":1,"41":4,"42":4,"43":4,"44":4,"45":4,"46":1,"47":3,"48":2,"49":1,"50":1,"51":1,"52":1},"f":{"0":3,"1":4,"2":3,"3":3,"4":4},"b":{"0":[1,2],"1":[3,3],"2":[1,3],"3":[1,1],"4":[1,2],"5":[1,2],"6":[1,3],"7":[1,1],"8":[2,2]},"_coverageSchema":"1a1c01bbd47fc00a2c39e90264f33305004495a9","hash":"558438ee76db47b7443a783d782766d5e7bc5c0a"}
,"C:\\Users\\TUF Gaming\\Documents\\GitHub\\RestaurantWebService\\src\\controllers\\order.controller.js": {"path":"C:\\Users\\TUF Gaming\\Documents\\GitHub\\RestaurantWebService\\src\\controllers\\order.controller.js","statementMap":{"0":{"start":{"line":4,"column":27},"end":{"line":22,"column":1}},"1":{"start":{"line":5,"column":53},"end":{"line":5,"column":61}},"2":{"start":{"line":7,"column":2},"end":{"line":9,"column":3}},"3":{"start":{"line":8,"column":4},"end":{"line":8,"column":94}},"4":{"start":{"line":11,"column":2},"end":{"line":21,"column":3}},"5":{"start":{"line":12,"column":18},"end":{"line":16,"column":6}},"6":{"start":{"line":18,"column":4},"end":{"line":18,"column":82}},"7":{"start":{"line":20,"column":4},"end":{"line":20,"column":89}},"8":{"start":{"line":25,"column":28},"end":{"line":39,"column":1}},"9":{"start":{"line":26,"column":17},"end":{"line":26,"column":27}},"10":{"start":{"line":28,"column":2},"end":{"line":38,"column":3}},"11":{"start":{"line":29,"column":19},"end":{"line":29,"column":41}},"12":{"start":{"line":31,"column":4},"end":{"line":33,"column":5}},"13":{"start":{"line":32,"column":6},"end":{"line":32,"column":72}},"14":{"start":{"line":35,"column":4},"end":{"line":35,"column":43}},"15":{"start":{"line":37,"column":4},"end":{"line":37,"column":91}},"16":{"start":{"line":42,"column":31},"end":{"line":51,"column":1}},"17":{"start":{"line":43,"column":17},"end":{"line":43,"column":27}},"18":{"start":{"line":45,"column":2},"end":{"line":50,"column":3}},"19":{"start":{"line":46,"column":20},"end":{"line":46,"column":49}},"20":{"start":{"line":47,"column":4},"end":{"line":47,"column":44}},"21":{"start":{"line":49,"column":4},"end":{"line":49,"column":101}},"22":{"start":{"line":54,"column":37},"end":{"line":63,"column":1}},"23":{"start":{"line":55,"column":17},"end":{"line":55,"column":27}},"24":{"start":{"line":57,"column":2},"end":{"line":62,"column":3}},"25":{"start":{"line":58,"column":20},"end":{"line":58,"column":53}},"26":{"start":{"line":59,"column":4},"end":{"line":59,"column":44}},"27":{"start":{"line":61,"column":4},"end":{"line":61,"column":105}},"28":{"start":{"line":66,"column":33},"end":{"line":87,"column":1}},"29":{"start":{"line":67,"column":17},"end":{"line":67,"column":27}},"30":{"start":{"line":68,"column":21},"end":{"line":68,"column":29}},"31":{"start":{"line":70,"column":25},"end":{"line":70,"column":79}},"32":{"start":{"line":71,"column":2},"end":{"line":73,"column":3}},"33":{"start":{"line":72,"column":4},"end":{"line":72,"column":65}},"34":{"start":{"line":75,"column":2},"end":{"line":86,"column":3}},"35":{"start":{"line":76,"column":19},"end":{"line":76,"column":41}},"36":{"start":{"line":77,"column":4},"end":{"line":79,"column":5}},"37":{"start":{"line":78,"column":6},"end":{"line":78,"column":72}},"38":{"start":{"line":81,"column":24},"end":{"line":81,"column":59}},"39":{"start":{"line":83,"column":4},"end":{"line":83,"column":80}},"40":{"start":{"line":85,"column":4},"end":{"line":85,"column":94}},"41":{"start":{"line":90,"column":27},"end":{"line":104,"column":1}},"42":{"start":{"line":91,"column":17},"end":{"line":91,"column":27}},"43":{"start":{"line":93,"column":2},"end":{"line":103,"column":3}},"44":{"start":{"line":94,"column":19},"end":{"line":94,"column":41}},"45":{"start":{"line":95,"column":4},"end":{"line":97,"column":5}},"46":{"start":{"line":96,"column":6},"end":{"line":96,"column":72}},"47":{"start":{"line":99,"column":4},"end":{"line":99,"column":26}},"48":{"start":{"line":100,"column":4},"end":{"line":100,"column":69}},"49":{"start":{"line":102,"column":4},"end":{"line":102,"column":92}}},"fnMap":{"0":{"name":"(anonymous_0)","decl":{"start":{"line":4,"column":27},"end":{"line":4,"column":28}},"loc":{"start":{"line":4,"column":47},"end":{"line":22,"column":1}},"line":4},"1":{"name":"(anonymous_1)","decl":{"start":{"line":25,"column":28},"end":{"line":25,"column":29}},"loc":{"start":{"line":25,"column":48},"end":{"line":39,"column":1}},"line":25},"2":{"name":"(anonymous_2)","decl":{"start":{"line":42,"column":31},"end":{"line":42,"column":32}},"loc":{"start":{"line":42,"column":51},"end":{"line":51,"column":1}},"line":42},"3":{"name":"(anonymous_3)","decl":{"start":{"line":54,"column":37},"end":{"line":54,"column":38}},"loc":{"start":{"line":54,"column":57},"end":{"line":63,"column":1}},"line":54},"4":{"name":"(anonymous_4)","decl":{"start":{"line":66,"column":33},"end":{"line":66,"column":34}},"loc":{"start":{"line":66,"column":53},"end":{"line":87,"column":1}},"line":66},"5":{"name":"(anonymous_5)","decl":{"start":{"line":90,"column":27},"end":{"line":90,"column":28}},"loc":{"start":{"line":90,"column":47},"end":{"line":104,"column":1}},"line":90}},"branchMap":{"0":{"loc":{"start":{"line":7,"column":2},"end":{"line":9,"column":3}},"type":"if","locations":[{"start":{"line":7,"column":2},"end":{"line":9,"column":3}},{"start":{},"end":{}}],"line":7},"1":{"loc":{"start":{"line":7,"column":6},"end":{"line":7,"column":36}},"type":"binary-expr","locations":[{"start":{"line":7,"column":6},"end":{"line":7,"column":17}},{"start":{"line":7,"column":21},"end":{"line":7,"column":36}}],"line":7},"2":{"loc":{"start":{"line":15,"column":18},"end":{"line":15,"column":36}},"type":"binary-expr","locations":[{"start":{"line":15,"column":18},"end":{"line":15,"column":28}},{"start":{"line":15,"column":32},"end":{"line":15,"column":36}}],"line":15},"3":{"loc":{"start":{"line":31,"column":4},"end":{"line":33,"column":5}},"type":"if","locations":[{"start":{"line":31,"column":4},"end":{"line":33,"column":5}},{"start":{},"end":{}}],"line":31},"4":{"loc":{"start":{"line":71,"column":2},"end":{"line":73,"column":3}},"type":"if","locations":[{"start":{"line":71,"column":2},"end":{"line":73,"column":3}},{"start":{},"end":{}}],"line":71},"5":{"loc":{"start":{"line":71,"column":6},"end":{"line":71,"column":49}},"type":"binary-expr","locations":[{"start":{"line":71,"column":6},"end":{"line":71,"column":13}},{"start":{"line":71,"column":17},"end":{"line":71,"column":49}}],"line":71},"6":{"loc":{"start":{"line":77,"column":4},"end":{"line":79,"column":5}},"type":"if","locations":[{"start":{"line":77,"column":4},"end":{"line":79,"column":5}},{"start":{},"end":{}}],"line":77},"7":{"loc":{"start":{"line":95,"column":4},"end":{"line":97,"column":5}},"type":"if","locations":[{"start":{"line":95,"column":4},"end":{"line":97,"column":5}},{"start":{},"end":{}}],"line":95}},"s":{"0":1,"1":3,"2":3,"3":1,"4":2,"5":2,"6":1,"7":1,"8":1,"9":3,"10":3,"11":3,"12":2,"13":1,"14":1,"15":1,"16":1,"17":3,"18":3,"19":3,"20":2,"21":1,"22":1,"23":3,"24":3,"25":3,"26":2,"27":1,"28":1,"29":3,"30":3,"31":3,"32":3,"33":1,"34":2,"35":2,"36":2,"37":1,"38":1,"39":1,"40":0,"41":1,"42":3,"43":3,"44":3,"45":3,"46":1,"47":2,"48":1,"49":1},"f":{"0":3,"1":3,"2":3,"3":3,"4":3,"5":3},"b":{"0":[1,2],"1":[3,3],"2":[2,2],"3":[1,1],"4":[1,2],"5":[3,3],"6":[1,1],"7":[1,2]},"_coverageSchema":"1a1c01bbd47fc00a2c39e90264f33305004495a9","hash":"147a8df9e8a1e52783e1b98a42d33a7eff30822a"}
,"C:\\Users\\TUF Gaming\\Documents\\GitHub\\RestaurantWebService\\src\\controllers\\plato.controller.js": {"path":"C:\\Users\\TUF Gaming\\Documents\\GitHub\\RestaurantWebService\\src\\controllers\\plato.controller.js","statementMap":{"0":{"start":{"line":5,"column":26},"end":{"line":35,"column":1}},"1":{"start":{"line":6,"column":17},"end":{"line":6,"column":27}},"2":{"start":{"line":7,"column":65},"end":{"line":7,"column":73}},"3":{"start":{"line":9,"column":2},"end":{"line":11,"column":3}},"4":{"start":{"line":10,"column":4},"end":{"line":10,"column":89}},"5":{"start":{"line":13,"column":2},"end":{"line":34,"column":3}},"6":{"start":{"line":14,"column":18},"end":{"line":21,"column":6}},"7":{"start":{"line":23,"column":4},"end":{"line":27,"column":7}},"8":{"start":{"line":29,"column":4},"end":{"line":33,"column":7}},"9":{"start":{"line":38,"column":26},"end":{"line":74,"column":1}},"10":{"start":{"line":39,"column":17},"end":{"line":39,"column":27}},"11":{"start":{"line":40,"column":19},"end":{"line":40,"column":32}},"12":{"start":{"line":42,"column":2},"end":{"line":73,"column":3}},"13":{"start":{"line":43,"column":19},"end":{"line":43,"column":50}},"14":{"start":{"line":44,"column":4},"end":{"line":50,"column":5}},"15":{"start":{"line":45,"column":6},"end":{"line":49,"column":9}},"16":{"start":{"line":52,"column":18},"end":{"line":52,"column":40}},"17":{"start":{"line":53,"column":4},"end":{"line":58,"column":5}},"18":{"start":{"line":54,"column":6},"end":{"line":57,"column":9}},"19":{"start":{"line":60,"column":4},"end":{"line":60,"column":66}},"20":{"start":{"line":62,"column":4},"end":{"line":66,"column":7}},"21":{"start":{"line":68,"column":4},"end":{"line":72,"column":7}},"22":{"start":{"line":77,"column":31},"end":{"line":110,"column":1}},"23":{"start":{"line":78,"column":17},"end":{"line":78,"column":27}},"24":{"start":{"line":79,"column":65},"end":{"line":79,"column":73}},"25":{"start":{"line":81,"column":2},"end":{"line":109,"column":3}},"26":{"start":{"line":82,"column":22},"end":{"line":82,"column":44}},"27":{"start":{"line":83,"column":4},"end":{"line":88,"column":5}},"28":{"start":{"line":84,"column":6},"end":{"line":87,"column":9}},"29":{"start":{"line":90,"column":24},"end":{"line":96,"column":6}},"30":{"start":{"line":98,"column":4},"end":{"line":102,"column":7}},"31":{"start":{"line":104,"column":4},"end":{"line":108,"column":7}},"32":{"start":{"line":113,"column":29},"end":{"line":138,"column":1}},"33":{"start":{"line":114,"column":17},"end":{"line":114,"column":27}},"34":{"start":{"line":116,"column":2},"end":{"line":137,"column":3}},"35":{"start":{"line":117,"column":22},"end":{"line":117,"column":44}},"36":{"start":{"line":118,"column":4},"end":{"line":123,"column":5}},"37":{"start":{"line":119,"column":6},"end":{"line":122,"column":9}},"38":{"start":{"line":125,"column":4},"end":{"line":125,"column":26}},"39":{"start":{"line":127,"column":4},"end":{"line":130,"column":7}},"40":{"start":{"line":132,"column":4},"end":{"line":136,"column":7}},"41":{"start":{"line":141,"column":31},"end":{"line":178,"column":1}},"42":{"start":{"line":142,"column":17},"end":{"line":142,"column":27}},"43":{"start":{"line":143,"column":19},"end":{"line":143,"column":38}},"44":{"start":{"line":145,"column":2},"end":{"line":177,"column":3}},"45":{"start":{"line":146,"column":19},"end":{"line":146,"column":50}},"46":{"start":{"line":147,"column":4},"end":{"line":153,"column":5}},"47":{"start":{"line":148,"column":6},"end":{"line":152,"column":9}},"48":{"start":{"line":155,"column":19},"end":{"line":155,"column":45}},"49":{"start":{"line":157,"column":4},"end":{"line":162,"column":5}},"50":{"start":{"line":158,"column":6},"end":{"line":161,"column":9}},"51":{"start":{"line":164,"column":4},"end":{"line":164,"column":67}},"52":{"start":{"line":166,"column":4},"end":{"line":170,"column":7}},"53":{"start":{"line":172,"column":4},"end":{"line":176,"column":7}},"54":{"start":{"line":181,"column":28},"end":{"line":197,"column":1}},"55":{"start":{"line":182,"column":2},"end":{"line":196,"column":3}},"56":{"start":{"line":183,"column":19},"end":{"line":183,"column":38}},"57":{"start":{"line":185,"column":4},"end":{"line":189,"column":7}},"58":{"start":{"line":191,"column":4},"end":{"line":195,"column":7}}},"fnMap":{"0":{"name":"(anonymous_0)","decl":{"start":{"line":5,"column":26},"end":{"line":5,"column":27}},"loc":{"start":{"line":5,"column":46},"end":{"line":35,"column":1}},"line":5},"1":{"name":"(anonymous_1)","decl":{"start":{"line":38,"column":26},"end":{"line":38,"column":27}},"loc":{"start":{"line":38,"column":46},"end":{"line":74,"column":1}},"line":38},"2":{"name":"(anonymous_2)","decl":{"start":{"line":77,"column":31},"end":{"line":77,"column":32}},"loc":{"start":{"line":77,"column":51},"end":{"line":110,"column":1}},"line":77},"3":{"name":"(anonymous_3)","decl":{"start":{"line":113,"column":29},"end":{"line":113,"column":30}},"loc":{"start":{"line":113,"column":49},"end":{"line":138,"column":1}},"line":113},"4":{"name":"(anonymous_4)","decl":{"start":{"line":141,"column":31},"end":{"line":141,"column":32}},"loc":{"start":{"line":141,"column":51},"end":{"line":178,"column":1}},"line":141},"5":{"name":"(anonymous_5)","decl":{"start":{"line":181,"column":28},"end":{"line":181,"column":29}},"loc":{"start":{"line":181,"column":48},"end":{"line":197,"column":1}},"line":181}},"branchMap":{"0":{"loc":{"start":{"line":9,"column":2},"end":{"line":11,"column":3}},"type":"if","locations":[{"start":{"line":9,"column":2},"end":{"line":11,"column":3}},{"start":{},"end":{}}],"line":9},"1":{"loc":{"start":{"line":9,"column":6},"end":{"line":9,"column":24}},"type":"binary-expr","locations":[{"start":{"line":9,"column":6},"end":{"line":9,"column":13}},{"start":{"line":9,"column":17},"end":{"line":9,"column":24}}],"line":9},"2":{"loc":{"start":{"line":44,"column":4},"end":{"line":50,"column":5}},"type":"if","locations":[{"start":{"line":44,"column":4},"end":{"line":50,"column":5}},{"start":{},"end":{}}],"line":44},"3":{"loc":{"start":{"line":53,"column":4},"end":{"line":58,"column":5}},"type":"if","locations":[{"start":{"line":53,"column":4},"end":{"line":58,"column":5}},{"start":{},"end":{}}],"line":53},"4":{"loc":{"start":{"line":83,"column":4},"end":{"line":88,"column":5}},"type":"if","locations":[{"start":{"line":83,"column":4},"end":{"line":88,"column":5}},{"start":{},"end":{}}],"line":83},"5":{"loc":{"start":{"line":118,"column":4},"end":{"line":123,"column":5}},"type":"if","locations":[{"start":{"line":118,"column":4},"end":{"line":123,"column":5}},{"start":{},"end":{}}],"line":118},"6":{"loc":{"start":{"line":147,"column":4},"end":{"line":153,"column":5}},"type":"if","locations":[{"start":{"line":147,"column":4},"end":{"line":153,"column":5}},{"start":{},"end":{}}],"line":147},"7":{"loc":{"start":{"line":157,"column":4},"end":{"line":162,"column":5}},"type":"if","locations":[{"start":{"line":157,"column":4},"end":{"line":162,"column":5}},{"start":{},"end":{}}],"line":157},"8":{"loc":{"start":{"line":157,"column":8},"end":{"line":157,"column":38}},"type":"binary-expr","locations":[{"start":{"line":157,"column":8},"end":{"line":157,"column":15}},{"start":{"line":157,"column":19},"end":{"line":157,"column":38}}],"line":157}},"s":{"0":1,"1":3,"2":3,"3":3,"4":1,"5":2,"6":2,"7":1,"8":1,"9":1,"10":3,"11":3,"12":3,"13":3,"14":3,"15":1,"16":2,"17":2,"18":1,"19":1,"20":1,"21":0,"22":1,"23":3,"24":3,"25":3,"26":3,"27":3,"28":1,"29":2,"30":1,"31":1,"32":1,"33":3,"34":3,"35":3,"36":3,"37":1,"38":2,"39":1,"40":1,"41":1,"42":3,"43":3,"44":3,"45":3,"46":3,"47":1,"48":2,"49":1,"50":1,"51":0,"52":0,"53":1,"54":1,"55":3,"56":3,"57":2,"58":1},"f":{"0":3,"1":3,"2":3,"3":3,"4":3,"5":3},"b":{"0":[1,2],"1":[3,2],"2":[1,2],"3":[1,1],"4":[1,2],"5":[1,2],"6":[1,2],"7":[1,0],"8":[1,1]},"_coverageSchema":"1a1c01bbd47fc00a2c39e90264f33305004495a9","hash":"a9f6dfcb9e4a9427ae0218b22825b65136a72b87"}
,"C:\\Users\\TUF Gaming\\Documents\\GitHub\\RestaurantWebService\\src\\controllers\\reservation.controller.js": {"path":"C:\\Users\\TUF Gaming\\Documents\\GitHub\\RestaurantWebService\\src\\controllers\\reservation.controller.js","statementMap":{"0":{"start":{"line":4,"column":33},"end":{"line":23,"column":1}},"1":{"start":{"line":5,"column":65},"end":{"line":5,"column":73}},"2":{"start":{"line":7,"column":2},"end":{"line":9,"column":3}},"3":{"start":{"line":8,"column":4},"end":{"line":8,"column":83}},"4":{"start":{"line":11,"column":2},"end":{"line":22,"column":3}},"5":{"start":{"line":12,"column":18},"end":{"line":17,"column":6}},"6":{"start":{"line":19,"column":4},"end":{"line":19,"column":80}},"7":{"start":{"line":21,"column":4},"end":{"line":21,"column":90}},"8":{"start":{"line":26,"column":34},"end":{"line":40,"column":1}},"9":{"start":{"line":27,"column":17},"end":{"line":27,"column":27}},"10":{"start":{"line":29,"column":2},"end":{"line":39,"column":3}},"11":{"start":{"line":30,"column":20},"end":{"line":30,"column":42}},"12":{"start":{"line":32,"column":4},"end":{"line":34,"column":5}},"13":{"start":{"line":33,"column":6},"end":{"line":33,"column":73}},"14":{"start":{"line":36,"column":4},"end":{"line":36,"column":44}},"15":{"start":{"line":38,"column":4},"end":{"line":38,"column":92}},"16":{"start":{"line":43,"column":33},"end":{"line":57,"column":1}},"17":{"start":{"line":44,"column":17},"end":{"line":44,"column":27}},"18":{"start":{"line":46,"column":2},"end":{"line":56,"column":3}},"19":{"start":{"line":47,"column":24},"end":{"line":47,"column":45}},"20":{"start":{"line":49,"column":4},"end":{"line":51,"column":5}},"21":{"start":{"line":50,"column":6},"end":{"line":50,"column":73}},"22":{"start":{"line":53,"column":4},"end":{"line":53,"column":89}},"23":{"start":{"line":55,"column":4},"end":{"line":55,"column":93}},"24":{"start":{"line":60,"column":37},"end":{"line":69,"column":1}},"25":{"start":{"line":61,"column":17},"end":{"line":61,"column":27}},"26":{"start":{"line":63,"column":2},"end":{"line":68,"column":3}},"27":{"start":{"line":64,"column":21},"end":{"line":64,"column":50}},"28":{"start":{"line":65,"column":4},"end":{"line":65,"column":45}},"29":{"start":{"line":67,"column":4},"end":{"line":67,"column":102}},"30":{"start":{"line":72,"column":43},"end":{"line":81,"column":1}},"31":{"start":{"line":73,"column":17},"end":{"line":73,"column":27}},"32":{"start":{"line":75,"column":2},"end":{"line":80,"column":3}},"33":{"start":{"line":76,"column":21},"end":{"line":76,"column":54}},"34":{"start":{"line":77,"column":4},"end":{"line":77,"column":45}},"35":{"start":{"line":79,"column":4},"end":{"line":79,"column":106}}},"fnMap":{"0":{"name":"(anonymous_0)","decl":{"start":{"line":4,"column":33},"end":{"line":4,"column":34}},"loc":{"start":{"line":4,"column":53},"end":{"line":23,"column":1}},"line":4},"1":{"name":"(anonymous_1)","decl":{"start":{"line":26,"column":34},"end":{"line":26,"column":35}},"loc":{"start":{"line":26,"column":54},"end":{"line":40,"column":1}},"line":26},"2":{"name":"(anonymous_2)","decl":{"start":{"line":43,"column":33},"end":{"line":43,"column":34}},"loc":{"start":{"line":43,"column":53},"end":{"line":57,"column":1}},"line":43},"3":{"name":"(anonymous_3)","decl":{"start":{"line":60,"column":37},"end":{"line":60,"column":38}},"loc":{"start":{"line":60,"column":57},"end":{"line":69,"column":1}},"line":60},"4":{"name":"(anonymous_4)","decl":{"start":{"line":72,"column":43},"end":{"line":72,"column":44}},"loc":{"start":{"line":72,"column":63},"end":{"line":81,"column":1}},"line":72}},"branchMap":{"0":{"loc":{"start":{"line":7,"column":2},"end":{"line":9,"column":3}},"type":"if","locations":[{"start":{"line":7,"column":2},"end":{"line":9,"column":3}},{"start":{},"end":{}}],"line":7},"1":{"loc":{"start":{"line":7,"column":6},"end":{"line":7,"column":66}},"type":"binary-expr","locations":[{"start":{"line":7,"column":6},"end":{"line":7,"column":17}},{"start":{"line":7,"column":21},"end":{"line":7,"column":36}},{"start":{"line":7,"column":40},"end":{"line":7,"column":46}},{"start":{"line":7,"column":50},"end":{"line":7,"column":66}}],"line":7},"2":{"loc":{"start":{"line":32,"column":4},"end":{"line":34,"column":5}},"type":"if","locations":[{"start":{"line":32,"column":4},"end":{"line":34,"column":5}},{"start":{},"end":{}}],"line":32},"3":{"loc":{"start":{"line":49,"column":4},"end":{"line":51,"column":5}},"type":"if","locations":[{"start":{"line":49,"column":4},"end":{"line":51,"column":5}},{"start":{},"end":{}}],"line":49}},"s":{"0":1,"1":3,"2":3,"3":1,"4":2,"5":2,"6":1,"7":1,"8":1,"9":3,"10":3,"11":3,"12":2,"13":1,"14":1,"15":1,"16":1,"17":3,"18":3,"19":3,"20":2,"21":1,"22":1,"23":1,"24":1,"25":3,"26":3,"27":3,"28":2,"29":1,"30":1,"31":3,"32":3,"33":3,"34":2,"35":1},"f":{"0":3,"1":3,"2":3,"3":3,"4":3},"b":{"0":[1,2],"1":[3,3,2,2],"2":[1,1],"3":[1,1]},"_coverageSchema":"1a1c01bbd47fc00a2c39e90264f33305004495a9","hash":"963a0589cc1d780d1b28aac2ff5238119a93af17"}
,"C:\\Users\\TUF Gaming\\Documents\\GitHub\\RestaurantWebService\\src\\controllers\\restaurante.controller.js": {"path":"C:\\Users\\TUF Gaming\\Documents\\GitHub\\RestaurantWebService\\src\\controllers\\restaurante.controller.js","statementMap":{"0":{"start":{"line":5,"column":30},"end":{"line":33,"column":1}},"1":{"start":{"line":6,"column":19},"end":{"line":6,"column":36}},"2":{"start":{"line":8,"column":2},"end":{"line":32,"column":3}},"3":{"start":{"line":9,"column":19},"end":{"line":9,"column":50}},"4":{"start":{"line":10,"column":4},"end":{"line":16,"column":5}},"5":{"start":{"line":11,"column":6},"end":{"line":15,"column":9}},"6":{"start":{"line":18,"column":25},"end":{"line":18,"column":44}},"7":{"start":{"line":19,"column":4},"end":{"line":19,"column":73}},"8":{"start":{"line":21,"column":4},"end":{"line":25,"column":7}},"9":{"start":{"line":27,"column":4},"end":{"line":31,"column":7}},"10":{"start":{"line":36,"column":33},"end":{"line":71,"column":1}},"11":{"start":{"line":37,"column":17},"end":{"line":37,"column":27}},"12":{"start":{"line":38,"column":19},"end":{"line":38,"column":37}},"13":{"start":{"line":40,"column":2},"end":{"line":70,"column":3}},"14":{"start":{"line":41,"column":19},"end":{"line":41,"column":50}},"15":{"start":{"line":42,"column":4},"end":{"line":48,"column":5}},"16":{"start":{"line":43,"column":6},"end":{"line":47,"column":9}},"17":{"start":{"line":50,"column":24},"end":{"line":50,"column":46}},"18":{"start":{"line":51,"column":4},"end":{"line":56,"column":5}},"19":{"start":{"line":52,"column":6},"end":{"line":55,"column":9}},"20":{"start":{"line":58,"column":4},"end":{"line":58,"column":72}},"21":{"start":{"line":59,"column":4},"end":{"line":63,"column":7}},"22":{"start":{"line":65,"column":4},"end":{"line":69,"column":7}},"23":{"start":{"line":74,"column":32},"end":{"line":99,"column":1}},"24":{"start":{"line":75,"column":60},"end":{"line":75,"column":68}},"25":{"start":{"line":76,"column":2},"end":{"line":81,"column":3}},"26":{"start":{"line":77,"column":4},"end":{"line":80,"column":7}},"27":{"start":{"line":82,"column":2},"end":{"line":98,"column":3}},"28":{"start":{"line":83,"column":18},"end":{"line":83,"column":86}},"29":{"start":{"line":85,"column":4},"end":{"line":85,"column":45}},"30":{"start":{"line":87,"column":4},"end":{"line":91,"column":7}},"31":{"start":{"line":93,"column":4},"end":{"line":97,"column":7}},"32":{"start":{"line":102,"column":37},"end":{"line":134,"column":1}},"33":{"start":{"line":103,"column":17},"end":{"line":103,"column":27}},"34":{"start":{"line":104,"column":18},"end":{"line":104,"column":26}},"35":{"start":{"line":106,"column":2},"end":{"line":133,"column":3}},"36":{"start":{"line":107,"column":22},"end":{"line":107,"column":44}},"37":{"start":{"line":108,"column":4},"end":{"line":113,"column":5}},"38":{"start":{"line":109,"column":6},"end":{"line":112,"column":9}},"39":{"start":{"line":115,"column":24},"end":{"line":115,"column":54}},"40":{"start":{"line":117,"column":4},"end":{"line":120,"column":7}},"41":{"start":{"line":122,"column":4},"end":{"line":126,"column":7}},"42":{"start":{"line":128,"column":4},"end":{"line":132,"column":7}},"43":{"start":{"line":137,"column":35},"end":{"line":167,"column":1}},"44":{"start":{"line":138,"column":17},"end":{"line":138,"column":27}},"45":{"start":{"line":140,"column":2},"end":{"line":166,"column":3}},"46":{"start":{"line":141,"column":22},"end":{"line":141,"column":44}},"47":{"start":{"line":142,"column":4},"end":{"line":147,"column":5}},"48":{"start":{"line":143,"column":6},"end":{"line":146,"column":9}},"49":{"start":{"line":149,"column":4},"end":{"line":149,"column":26}},"50":{"start":{"line":151,"column":4},"end":{"line":154,"column":7}},"51":{"start":{"line":156,"column":4},"end":{"line":159,"column":7}},"52":{"start":{"line":161,"column":4},"end":{"line":165,"column":7}}},"fnMap":{"0":{"name":"(anonymous_0)","decl":{"start":{"line":5,"column":30},"end":{"line":5,"column":31}},"loc":{"start":{"line":5,"column":50},"end":{"line":33,"column":1}},"line":5},"1":{"name":"(anonymous_1)","decl":{"start":{"line":36,"column":33},"end":{"line":36,"column":34}},"loc":{"start":{"line":36,"column":53},"end":{"line":71,"column":1}},"line":36},"2":{"name":"(anonymous_2)","decl":{"start":{"line":74,"column":32},"end":{"line":74,"column":33}},"loc":{"start":{"line":74,"column":52},"end":{"line":99,"column":1}},"line":74},"3":{"name":"(anonymous_3)","decl":{"start":{"line":102,"column":37},"end":{"line":102,"column":38}},"loc":{"start":{"line":102,"column":57},"end":{"line":134,"column":1}},"line":102},"4":{"name":"(anonymous_4)","decl":{"start":{"line":137,"column":35},"end":{"line":137,"column":36}},"loc":{"start":{"line":137,"column":55},"end":{"line":167,"column":1}},"line":137}},"branchMap":{"0":{"loc":{"start":{"line":10,"column":4},"end":{"line":16,"column":5}},"type":"if","locations":[{"start":{"line":10,"column":4},"end":{"line":16,"column":5}},{"start":{},"end":{}}],"line":10},"1":{"loc":{"start":{"line":42,"column":4},"end":{"line":48,"column":5}},"type":"if","locations":[{"start":{"line":42,"column":4},"end":{"line":48,"column":5}},{"start":{},"end":{}}],"line":42},"2":{"loc":{"start":{"line":51,"column":4},"end":{"line":56,"column":5}},"type":"if","locations":[{"start":{"line":51,"column":4},"end":{"line":56,"column":5}},{"start":{},"end":{}}],"line":51},"3":{"loc":{"start":{"line":76,"column":2},"end":{"line":81,"column":3}},"type":"if","locations":[{"start":{"line":76,"column":2},"end":{"line":81,"column":3}},{"start":{},"end":{}}],"line":76},"4":{"loc":{"start":{"line":76,"column":6},"end":{"line":76,"column":61}},"type":"binary-expr","locations":[{"start":{"line":76,"column":6},"end":{"line":76,"column":13}},{"start":{"line":76,"column":17},"end":{"line":76,"column":27}},{"start":{"line":76,"column":31},"end":{"line":76,"column":40}},{"start":{"line":76,"column":44},"end":{"line":76,"column":61}}],"line":76},"5":{"loc":{"start":{"line":108,"column":4},"end":{"line":113,"column":5}},"type":"if","locations":[{"start":{"line":108,"column":4},"end":{"line":113,"column":5}},{"start":{},"end":{}}],"line":108},"6":{"loc":{"start":{"line":142,"column":4},"end":{"line":147,"column":5}},"type":"if","locations":[{"start":{"line":142,"column":4},"end":{"line":147,"column":5}},{"start":{},"end":{}}],"line":142}},"s":{"0":1,"1":3,"2":3,"3":3,"4":2,"5":1,"6":1,"7":1,"8":1,"9":1,"10":1,"11":3,"12":3,"13":3,"14":3,"15":3,"16":1,"17":2,"18":1,"19":1,"20":0,"21":0,"22":1,"23":1,"24":3,"25":3,"26":1,"27":2,"28":2,"29":1,"30":1,"31":1,"32":1,"33":3,"34":3,"35":3,"36":3,"37":3,"38":1,"39":2,"40":1,"41":1,"42":1,"43":1,"44":3,"45":3,"46":3,"47":3,"48":1,"49":2,"50":1,"51":1,"52":1},"f":{"0":3,"1":3,"2":3,"3":3,"4":3},"b":{"0":[1,1],"1":[1,2],"2":[1,0],"3":[1,2],"4":[3,3,2,2],"5":[1,2],"6":[1,2]},"_coverageSchema":"1a1c01bbd47fc00a2c39e90264f33305004495a9","hash":"392a241f44b2abd7158e817e27572519af4e4242"}
,"C:\\Users\\TUF Gaming\\Documents\\GitHub\\RestaurantWebService\\src\\controllers\\user.controller.js": {"path":"C:\\Users\\TUF Gaming\\Documents\\GitHub\\RestaurantWebService\\src\\controllers\\user.controller.js","statementMap":{"0":{"start":{"line":5,"column":28},"end":{"line":20,"column":1}},"1":{"start":{"line":6,"column":43},"end":{"line":6,"column":51}},"2":{"start":{"line":7,"column":2},"end":{"line":9,"column":3}},"3":{"start":{"line":8,"column":4},"end":{"line":8,"column":90}},"4":{"start":{"line":10,"column":2},"end":{"line":19,"column":3}},"5":{"start":{"line":11,"column":18},"end":{"line":11,"column":69}},"6":{"start":{"line":12,"column":4},"end":{"line":16,"column":7}},"7":{"start":{"line":18,"column":4},"end":{"line":18,"column":106}},"8":{"start":{"line":23,"column":27},"end":{"line":44,"column":1}},"9":{"start":{"line":24,"column":19},"end":{"line":24,"column":33}},"10":{"start":{"line":25,"column":2},"end":{"line":43,"column":3}},"11":{"start":{"line":26,"column":19},"end":{"line":26,"column":50}},"12":{"start":{"line":27,"column":4},"end":{"line":33,"column":5}},"13":{"start":{"line":28,"column":6},"end":{"line":32,"column":9}},"14":{"start":{"line":34,"column":18},"end":{"line":34,"column":37}},"15":{"start":{"line":35,"column":4},"end":{"line":35,"column":66}},"16":{"start":{"line":36,"column":4},"end":{"line":40,"column":7}},"17":{"start":{"line":42,"column":4},"end":{"line":42,"column":106}},"18":{"start":{"line":47,"column":30},"end":{"line":72,"column":1}},"19":{"start":{"line":48,"column":17},"end":{"line":48,"column":27}},"20":{"start":{"line":49,"column":19},"end":{"line":49,"column":34}},"21":{"start":{"line":50,"column":2},"end":{"line":71,"column":3}},"22":{"start":{"line":51,"column":19},"end":{"line":51,"column":50}},"23":{"start":{"line":52,"column":4},"end":{"line":58,"column":5}},"24":{"start":{"line":53,"column":6},"end":{"line":57,"column":9}},"25":{"start":{"line":59,"column":20},"end":{"line":59,"column":42}},"26":{"start":{"line":60,"column":4},"end":{"line":62,"column":5}},"27":{"start":{"line":61,"column":6},"end":{"line":61,"column":89}},"28":{"start":{"line":63,"column":4},"end":{"line":63,"column":68}},"29":{"start":{"line":64,"column":4},"end":{"line":68,"column":7}},"30":{"start":{"line":70,"column":4},"end":{"line":70,"column":108}},"31":{"start":{"line":75,"column":33},"end":{"line":95,"column":1}},"32":{"start":{"line":76,"column":17},"end":{"line":76,"column":27}},"33":{"start":{"line":77,"column":18},"end":{"line":77,"column":26}},"34":{"start":{"line":78,"column":2},"end":{"line":94,"column":3}},"35":{"start":{"line":79,"column":22},"end":{"line":79,"column":44}},"36":{"start":{"line":80,"column":4},"end":{"line":82,"column":5}},"37":{"start":{"line":81,"column":6},"end":{"line":81,"column":89}},"38":{"start":{"line":83,"column":24},"end":{"line":83,"column":54}},"39":{"start":{"line":85,"column":4},"end":{"line":85,"column":43}},"40":{"start":{"line":86,"column":4},"end":{"line":86,"column":42}},"41":{"start":{"line":87,"column":4},"end":{"line":91,"column":7}},"42":{"start":{"line":93,"column":4},"end":{"line":93,"column":111}},"43":{"start":{"line":98,"column":31},"end":{"line":116,"column":1}},"44":{"start":{"line":99,"column":17},"end":{"line":99,"column":27}},"45":{"start":{"line":100,"column":2},"end":{"line":115,"column":3}},"46":{"start":{"line":101,"column":22},"end":{"line":101,"column":44}},"47":{"start":{"line":102,"column":4},"end":{"line":104,"column":5}},"48":{"start":{"line":103,"column":6},"end":{"line":103,"column":89}},"49":{"start":{"line":105,"column":4},"end":{"line":105,"column":26}},"50":{"start":{"line":107,"column":4},"end":{"line":107,"column":43}},"51":{"start":{"line":108,"column":4},"end":{"line":108,"column":42}},"52":{"start":{"line":109,"column":4},"end":{"line":112,"column":7}},"53":{"start":{"line":114,"column":4},"end":{"line":114,"column":109}}},"fnMap":{"0":{"name":"(anonymous_0)","decl":{"start":{"line":5,"column":28},"end":{"line":5,"column":29}},"loc":{"start":{"line":5,"column":48},"end":{"line":20,"column":1}},"line":5},"1":{"name":"(anonymous_1)","decl":{"start":{"line":23,"column":27},"end":{"line":23,"column":28}},"loc":{"start":{"line":23,"column":47},"end":{"line":44,"column":1}},"line":23},"2":{"name":"(anonymous_2)","decl":{"start":{"line":47,"column":30},"end":{"line":47,"column":31}},"loc":{"start":{"line":47,"column":50},"end":{"line":72,"column":1}},"line":47},"3":{"name":"(anonymous_3)","decl":{"start":{"line":75,"column":33},"end":{"line":75,"column":34}},"loc":{"start":{"line":75,"column":53},"end":{"line":95,"column":1}},"line":75},"4":{"name":"(anonymous_4)","decl":{"start":{"line":98,"column":31},"end":{"line":98,"column":32}},"loc":{"start":{"line":98,"column":51},"end":{"line":116,"column":1}},"line":98}},"branchMap":{"0":{"loc":{"start":{"line":7,"column":2},"end":{"line":9,"column":3}},"type":"if","locations":[{"start":{"line":7,"column":2},"end":{"line":9,"column":3}},{"start":{},"end":{}}],"line":7},"1":{"loc":{"start":{"line":7,"column":6},"end":{"line":7,"column":41}},"type":"binary-expr","locations":[{"start":{"line":7,"column":6},"end":{"line":7,"column":13}},{"start":{"line":7,"column":17},"end":{"line":7,"column":24}},{"start":{"line":7,"column":28},"end":{"line":7,"column":41}}],"line":7},"2":{"loc":{"start":{"line":27,"column":4},"end":{"line":33,"column":5}},"type":"if","locations":[{"start":{"line":27,"column":4},"end":{"line":33,"column":5}},{"start":{},"end":{}}],"line":27},"3":{"loc":{"start":{"line":52,"column":4},"end":{"line":58,"column":5}},"type":"if","locations":[{"start":{"line":52,"column":4},"end":{"line":58,"column":5}},{"start":{},"end":{}}],"line":52},"4":{"loc":{"start":{"line":60,"column":4},"end":{"line":62,"column":5}},"type":"if","locations":[{"start":{"line":60,"column":4},"end":{"line":62,"column":5}},{"start":{},"end":{}}],"line":60},"5":{"loc":{"start":{"line":80,"column":4},"end":{"line":82,"column":5}},"type":"if","locations":[{"start":{"line":80,"column":4},"end":{"line":82,"column":5}},{"start":{},"end":{}}],"line":80},"6":{"loc":{"start":{"line":102,"column":4},"end":{"line":104,"column":5}},"type":"if","locations":[{"start":{"line":102,"column":4},"end":{"line":104,"column":5}},{"start":{},"end":{}}],"line":102}},"s":{"0":1,"1":3,"2":3,"3":1,"4":2,"5":2,"6":1,"7":1,"8":1,"9":3,"10":3,"11":3,"12":2,"13":1,"14":1,"15":1,"16":1,"17":1,"18":1,"19":3,"20":3,"21":3,"22":3,"23":3,"24":1,"25":2,"26":1,"27":1,"28":0,"29":0,"30":1,"31":1,"32":3,"33":3,"34":3,"35":3,"36":3,"37":1,"38":2,"39":1,"40":1,"41":1,"42":1,"43":1,"44":3,"45":3,"46":3,"47":3,"48":1,"49":2,"50":1,"51":1,"52":1,"53":1},"f":{"0":3,"1":3,"2":3,"3":3,"4":3},"b":{"0":[1,2],"1":[3,3,2],"2":[1,1],"3":[1,2],"4":[1,0],"5":[1,2],"6":[1,2]},"_coverageSchema":"1a1c01bbd47fc00a2c39e90264f33305004495a9","hash":"2487c661584bc1b447a0a5423d97d64d8e67e85f"}
}
